<?xml version="1.0" encoding="UTF-8"?>
<testsuite xmlns:xsi="http://www.w3.org/2001/XMLSchema-instance" xsi:noNamespaceSchemaLocation="https://maven.apache.org/surefire/maven-surefire-plugin/xsd/surefire-test-report-3.0.xsd" version="3.0" name="br.thiago.entrada_saida_pessoas.usuarios.ApplicationTests" time="3.556" tests="1" errors="0" skipped="0" failures="0">
  <properties>
[...]
</properties>
  <testcase name="contextLoads" classname="br.thiago.entrada_saida_pessoas.usuarios.ApplicationTests" time="0.059">
    <system-out><![CDATA[19:47:59.541 [main] DEBUG org.springframework.test.context.BootstrapUtils - Instantiating CacheAwareContextLoaderDelegate from class [org.springframework.test.context.cache.DefaultCacheAwareContextLoaderDelegate]
19:47:59.549 [main] DEBUG org.springframework.test.context.BootstrapUtils - Instantiating BootstrapContext using constructor [public org.springframework.test.context.support.DefaultBootstrapContext(java.lang.Class,org.springframework.test.context.CacheAwareContextLoaderDelegate)]
19:47:59.572 [main] DEBUG org.springframework.test.context.BootstrapUtils - Instantiating TestContextBootstrapper for test class [br.thiago.entrada_saida_pessoas.usuarios.ApplicationTests] from class [org.springframework.boot.test.context.SpringBootTestContextBootstrapper]
19:47:59.579 [main] INFO org.springframework.boot.test.context.SpringBootTestContextBootstrapper - Neither @ContextConfiguration nor @ContextHierarchy found for test class [br.thiago.entrada_saida_pessoas.usuarios.ApplicationTests], using SpringBootContextLoader
19:47:59.581 [main] DEBUG org.springframework.test.context.support.AbstractContextLoader - Did not detect default resource location for test class [br.thiago.entrada_saida_pessoas.usuarios.ApplicationTests]: class path resource [br/thiago/entrada_saida_pessoas/usuarios/ApplicationTests-context.xml] does not exist
19:47:59.581 [main] DEBUG org.springframework.test.context.support.AbstractContextLoader - Did not detect default resource location for test class [br.thiago.entrada_saida_pessoas.usuarios.ApplicationTests]: class path resource [br/thiago/entrada_saida_pessoas/usuarios/ApplicationTestsContext.groovy] does not exist
19:47:59.582 [main] INFO org.springframework.test.context.support.AbstractContextLoader - Could not detect default resource locations for test class [br.thiago.entrada_saida_pessoas.usuarios.ApplicationTests]: no resource found for suffixes {-context.xml, Context.groovy}.
19:47:59.582 [main] INFO org.springframework.test.context.support.AnnotationConfigContextLoaderUtils - Could not detect default configuration classes for test class [br.thiago.entrada_saida_pessoas.usuarios.ApplicationTests]: ApplicationTests does not declare any static, non-private, non-final, nested classes annotated with @Configuration.
19:47:59.613 [main] DEBUG org.springframework.test.context.support.ActiveProfilesUtils - Could not find an 'annotation declaring class' for annotation type [org.springframework.test.context.ActiveProfiles] and class [br.thiago.entrada_saida_pessoas.usuarios.ApplicationTests]
19:47:59.664 [main] DEBUG org.springframework.context.annotation.ClassPathScanningCandidateComponentProvider - Identified candidate component class: file [C:\Users\Thiag\OneDrive\Documentos\Estudos\entrada-saida-pessoas.usuarios\entrada-saida-pessoas.usuarios\target\classes\br\thiago\entrada_saida_pessoas\usuarios\Application.class]
19:47:59.665 [main] INFO org.springframework.boot.test.context.SpringBootTestContextBootstrapper - Found @SpringBootConfiguration br.thiago.entrada_saida_pessoas.usuarios.Application for test class br.thiago.entrada_saida_pessoas.usuarios.ApplicationTests
19:47:59.724 [main] DEBUG org.springframework.boot.test.context.SpringBootTestContextBootstrapper - @TestExecutionListeners is not present for class [br.thiago.entrada_saida_pessoas.usuarios.ApplicationTests]: using defaults.
19:47:59.724 [main] INFO org.springframework.boot.test.context.SpringBootTestContextBootstrapper - Loaded default TestExecutionListener class names from location [META-INF/spring.factories]: [org.springframework.boot.test.mock.mockito.MockitoTestExecutionListener, org.springframework.boot.test.mock.mockito.ResetMocksTestExecutionListener, org.springframework.boot.test.autoconfigure.restdocs.RestDocsTestExecutionListener, org.springframework.boot.test.autoconfigure.web.client.MockRestServiceServerResetTestExecutionListener, org.springframework.boot.test.autoconfigure.web.servlet.MockMvcPrintOnlyOnFailureTestExecutionListener, org.springframework.boot.test.autoconfigure.web.servlet.WebDriverTestExecutionListener, org.springframework.boot.test.autoconfigure.webservices.client.MockWebServiceServerTestExecutionListener, org.springframework.test.context.web.ServletTestExecutionListener, org.springframework.test.context.support.DirtiesContextBeforeModesTestExecutionListener, org.springframework.test.context.event.ApplicationEventsTestExecutionListener, org.springframework.test.context.support.DependencyInjectionTestExecutionListener, org.springframework.test.context.support.DirtiesContextTestExecutionListener, org.springframework.test.context.transaction.TransactionalTestExecutionListener, org.springframework.test.context.jdbc.SqlScriptsTestExecutionListener, org.springframework.test.context.event.EventPublishingTestExecutionListener, org.springframework.security.test.context.support.WithSecurityContextTestExecutionListener, org.springframework.security.test.context.support.ReactorContextTestExecutionListener]
19:47:59.738 [main] INFO org.springframework.boot.test.context.SpringBootTestContextBootstrapper - Using TestExecutionListeners: [org.springframework.test.context.web.ServletTestExecutionListener@4c51cf28, org.springframework.test.context.support.DirtiesContextBeforeModesTestExecutionListener@6995bf68, org.springframework.test.context.event.ApplicationEventsTestExecutionListener@5143c662, org.springframework.boot.test.mock.mockito.MockitoTestExecutionListener@77825085, org.springframework.boot.test.autoconfigure.SpringBootDependencyInjectionTestExecutionListener@3568f9d2, org.springframework.test.context.support.DirtiesContextTestExecutionListener@71c27ee8, org.springframework.test.context.transaction.TransactionalTestExecutionListener@3e7dd664, org.springframework.test.context.jdbc.SqlScriptsTestExecutionListener@5b1ebf56, org.springframework.test.context.event.EventPublishingTestExecutionListener@294a6b8e, org.springframework.security.test.context.support.WithSecurityContextTestExecutionListener@4b1d6571, org.springframework.security.test.context.support.ReactorContextTestExecutionListener@1b835480, org.springframework.boot.test.mock.mockito.ResetMocksTestExecutionListener@3549bca9, org.springframework.boot.test.autoconfigure.restdocs.RestDocsTestExecutionListener@4f25b795, org.springframework.boot.test.autoconfigure.web.client.MockRestServiceServerResetTestExecutionListener@6fb365ed, org.springframework.boot.test.autoconfigure.web.servlet.MockMvcPrintOnlyOnFailureTestExecutionListener@6e950bcf, org.springframework.boot.test.autoconfigure.web.servlet.WebDriverTestExecutionListener@16414e40, org.springframework.boot.test.autoconfigure.webservices.client.MockWebServiceServerTestExecutionListener@74bada02]
19:47:59.740 [main] DEBUG org.springframework.test.context.support.AbstractDirtiesContextTestExecutionListener - Before test class: context [DefaultTestContext@517d4a0d testClass = ApplicationTests, testInstance = [null], testMethod = [null], testException = [null], mergedContextConfiguration = [WebMergedContextConfiguration@7862f56 testClass = ApplicationTests, locations = '{}', classes = '{class br.thiago.entrada_saida_pessoas.usuarios.Application}', contextInitializerClasses = '[]', activeProfiles = '{}', propertySourceLocations = '{}', propertySourceProperties = '{org.springframework.boot.test.context.SpringBootTestContextBootstrapper=true}', contextCustomizers = set[org.springframework.boot.test.context.filter.ExcludeFilterContextCustomizer@6892b3b6, org.springframework.boot.test.json.DuplicateJsonObjectContextCustomizerFactory$DuplicateJsonObjectContextCustomizer@449a4f23, org.springframework.boot.test.mock.mockito.MockitoContextCustomizer@0, org.springframework.boot.test.web.client.TestRestTemplateContextCustomizer@3e27ba32, org.springframework.boot.test.autoconfigure.actuate.metrics.MetricsExportContextCustomizerFactory$DisableMetricExportContextCustomizer@74e28667, org.springframework.boot.test.autoconfigure.properties.PropertyMappingContextCustomizer@0, org.springframework.boot.test.autoconfigure.web.servlet.WebDriverContextCustomizerFactory$Customizer@5f049ea1, org.springframework.boot.test.context.SpringBootTestArgs@1, org.springframework.boot.test.context.SpringBootTestWebEnvironment@74294adb], resourceBasePath = 'src/main/webapp', contextLoader = 'org.springframework.boot.test.context.SpringBootContextLoader', parent = [null]], attributes = map['org.springframework.test.context.web.ServletTestExecutionListener.activateListener' -> true]], class annotated with @DirtiesContext [false] with mode [null].

  .   ____          _            __ _ _
 /\\ / ___'_ __ _ _(_)_ __  __ _ \ \ \ \
( ( )\___ | '_ | '_| | '_ \/ _` | \ \ \ \
 \\/  ___)| |_)| | | | | || (_| |  ) ) ) )
  '  |____| .__|_| |_|_| |_\__, | / / / /
 =========|_|==============|___/=/_/_/_/
 :: Spring Boot ::                (v2.7.0)

2024-05-26 19:47:59.998  INFO 4288 --- [           main] b.t.e.usuarios.ApplicationTests          : Starting ApplicationTests using Java 22.0.1 on Limpbr with PID 4288 (started by Thiag in C:\Users\Thiag\OneDrive\Documentos\Estudos\entrada-saida-pessoas.usuarios\entrada-saida-pessoas.usuarios)
2024-05-26 19:48:00.000  INFO 4288 --- [           main] b.t.e.usuarios.ApplicationTests          : No active profile set, falling back to 1 default profile: "default"
2024-05-26 19:48:00.410  INFO 4288 --- [           main] .s.d.r.c.RepositoryConfigurationDelegate : Bootstrapping Spring Data JPA repositories in DEFAULT mode.
2024-05-26 19:48:00.440  INFO 4288 --- [           main] .s.d.r.c.RepositoryConfigurationDelegate : Finished Spring Data repository scanning in 24 ms. Found 1 JPA repository interfaces.
2024-05-26 19:48:00.947  INFO 4288 --- [           main] com.zaxxer.hikari.HikariDataSource       : HikariPool-1 - Starting...
2024-05-26 19:48:01.091  INFO 4288 --- [           main] com.zaxxer.hikari.HikariDataSource       : HikariPool-1 - Start completed.
2024-05-26 19:48:01.137  INFO 4288 --- [           main] o.hibernate.jpa.internal.util.LogHelper  : HHH000204: Processing PersistenceUnitInfo [name: default]
2024-05-26 19:48:01.196  INFO 4288 --- [           main] org.hibernate.Version                    : HHH000412: Hibernate ORM core version 5.6.9.Final
2024-05-26 19:48:01.319  INFO 4288 --- [           main] o.hibernate.annotations.common.Version   : HCANN000001: Hibernate Commons Annotations {5.1.2.Final}
2024-05-26 19:48:01.405  INFO 4288 --- [           main] org.hibernate.dialect.Dialect            : HHH000400: Using dialect: org.hibernate.dialect.H2Dialect
2024-05-26 19:48:01.754  INFO 4288 --- [           main] o.h.e.t.j.p.i.JtaPlatformInitiator       : HHH000490: Using JtaPlatform implementation: [org.hibernate.engine.transaction.jta.platform.internal.NoJtaPlatform]
2024-05-26 19:48:01.760  INFO 4288 --- [           main] j.LocalContainerEntityManagerFactoryBean : Initialized JPA EntityManagerFactory for persistence unit 'default'
2024-05-26 19:48:01.820  WARN 4288 --- [           main] JpaBaseConfiguration$JpaWebConfiguration : spring.jpa.open-in-view is enabled by default. Therefore, database queries may be performed during view rendering. Explicitly configure spring.jpa.open-in-view to disable this warning
2024-05-26 19:48:02.382  INFO 4288 --- [           main] o.s.s.web.DefaultSecurityFilterChain     : Will secure any request with [org.springframework.security.web.session.DisableEncodeUrlFilter@581e8969, org.springframework.security.web.context.request.async.WebAsyncManagerIntegrationFilter@767b9d66, org.springframework.security.web.context.SecurityContextPersistenceFilter@5617168c, org.springframework.security.web.header.HeaderWriterFilter@55c8fc60, org.springframework.security.web.csrf.CsrfFilter@116915f1, org.springframework.security.web.authentication.logout.LogoutFilter@14b96c1e, org.springframework.security.web.authentication.UsernamePasswordAuthenticationFilter@2212e291, org.springframework.security.web.savedrequest.RequestCacheAwareFilter@541897c6, org.springframework.security.web.servletapi.SecurityContextHolderAwareRequestFilter@6b15e68c, org.springframework.security.web.authentication.AnonymousAuthenticationFilter@687fd6e, org.springframework.security.web.session.SessionManagementFilter@4e4af370, org.springframework.security.web.access.ExceptionTranslationFilter@4713b631, org.springframework.security.web.access.intercept.FilterSecurityInterceptor@6d7677d8]
2024-05-26 19:48:02.693  INFO 4288 --- [           main] o.s.b.a.h2.H2ConsoleAutoConfiguration    : H2 console available at '/h2-console'. Database available at 'jdbc:h2:mem:testdb'
2024-05-26 19:48:02.819  WARN 4288 --- [           main] ion$DefaultTemplateResolverConfiguration : Cannot find template location: classpath:/templates/ (please add some templates or check your Thymeleaf configuration)
2024-05-26 19:48:02.972  INFO 4288 --- [           main] b.t.e.usuarios.ApplicationTests          : Started ApplicationTests in 3.205 seconds (JVM running for 3.905)
]]></system-out>
  </testcase>
</testsuite>